2026-01-29 09:00:09 - INFO - 数据库文件为:/home/runner/work/garmin-sync-coros/garmin-sync-coros/db/coros.db
2026-01-29 09:00:11 - INFO - coros activityId:474737534388175049, sportType:200
2026-01-29 09:00:13 - WARNING - Garmin is not logging in or the token has expired.
2026-01-29 09:00:16 - INFO - 474737534388175049.fit upload status DUPLICATE_ACTIVITY
2026-01-29 09:00:16 - INFO - coros activityId:474737535996691131, sportType:200
2026-01-29 09:00:17 - INFO - 474737535996691131.fit upload status DUPLICATE_ACTIVITY
2026-01-29 09:00:17 - INFO - coros activityId:474737537338867712, sportType:200
2026-01-29 09:00:18 - INFO - 474737537338867712.fit upload status DUPLICATE_ACTIVITY
2026-01-29 09:00:18 - INFO - coros activityId:474737538412609536, sportType:102
2026-01-29 09:00:19 - INFO - 474737538412609536.fit upload status DUPLICATE_ACTIVITY
2026-01-29 09:00:19 - INFO - coros activityId:474737539220013557, sportType:200
2026-01-29 09:00:20 - INFO - 474737539220013557.fit upload status DUPLICATE_ACTIVITY
2026-01-29 09:00:20 - INFO - coros activityId:474737540830626392, sportType:200
2026-01-29 09:00:21 - INFO - 474737540830626392.fit upload status DUPLICATE_ACTIVITY
2026-01-29 09:00:21 - INFO - coros activityId:474737542170706320, sportType:200
2026-01-29 09:00:22 - INFO - 474737542170706320.fit upload status DUPLICATE_ACTIVITY
2026-03-23 08:00:55 - INFO - 数据库文件为:/home/runner/work/garmin-sync-coros/garmin-sync-coros/db/coros.db
2026-03-23 22:30:01 - INFO - 数据库文件为:/Users/luohangqi/PycharmProjects/garmin-sync-coros/db/coros.db
数据库文件为:/Users/luohangqi/PycharmProjects/garmin-sync-coros/db/coros.db
Traceback (most recent call last):
  File "/Users/luohangqi/PycharmProjects/garmin-sync-coros/scripts/coros/coros_sync_garmin.py", line 73, in <module>
    all_activities = corosClient.getAllActivities()
  File "/Users/luohangqi/PycharmProjects/garmin-sync-coros/scripts/coros/coros_client.py", line 119, in getAllActivities
    activities = self.getActivities(size, page)
  File "/Users/luohangqi/PycharmProjects/garmin-sync-coros/scripts/coros/coros_client.py", line 95, in getActivities
    self.checkToken()
  File "/Users/luohangqi/PycharmProjects/garmin-sync-coros/scripts/coros/coros_client.py", line 160, in checkToken
    self.login()
  File "/Users/luohangqi/PycharmProjects/garmin-sync-coros/scripts/coros/coros_client.py", line 49, in login
    raise CorosLoginError("Coros login anomaly, the reason for the anomaly is:" + login_response["message"])
coros_client.CorosLoginError: Coros login anomaly, the reason for the anomaly is:The login credentials you entered do not match our records.
2026-03-24 10:30:01 - INFO - 数据库文件为:/Users/luohangqi/PycharmProjects/garmin-sync-coros/db/coros.db
数据库文件为:/Users/luohangqi/PycharmProjects/garmin-sync-coros/db/coros.db
Traceback (most recent call last):
  File "/Users/luohangqi/PycharmProjects/garmin-sync-coros/scripts/coros/coros_sync_garmin.py", line 73, in <module>
    all_activities = corosClient.getAllActivities()
  File "/Users/luohangqi/PycharmProjects/garmin-sync-coros/scripts/coros/coros_client.py", line 119, in getAllActivities
    activities = self.getActivities(size, page)
  File "/Users/luohangqi/PycharmProjects/garmin-sync-coros/scripts/coros/coros_client.py", line 95, in getActivities
    self.checkToken()
  File "/Users/luohangqi/PycharmProjects/garmin-sync-coros/scripts/coros/coros_client.py", line 160, in checkToken
    self.login()
  File "/Users/luohangqi/PycharmProjects/garmin-sync-coros/scripts/coros/coros_client.py", line 49, in login
    raise CorosLoginError("Coros login anomaly, the reason for the anomaly is:" + login_response["message"])
coros_client.CorosLoginError: Coros login anomaly, the reason for the anomaly is:The login credentials you entered do not match our records.
